<?xml version="1.0" encoding="UTF-8"?>
<!-- Generated by org.testng.reporters.JUnitReportReporter -->
<testsuite hostname="surendrasinghgangwar" failures="0" tests="7" name="com.centralvista.test.AAMinistrymemberTest" time="92.262" errors="0" timestamp="2025-09-10T14:58:04 IST" skipped="0">
  <testcase classname="com.centralvista.test.AAMinistrymemberTest" name="app_auth_minis_mem_requestverify" time="10.173"/>
  <testcase classname="com.centralvista.test.AAMinistrymemberTest" name="minisMem_forwartoissuer" time="31.011"/>
  <testcase classname="com.centralvista.test.AAMinistrymemberTest" name="minisMem_checkstatus" time="10.275"/>
  <testcase classname="com.centralvista.test.AAMinistrymemberTest" name="aaminis_mem_logout" time="9.135"/>
  <testcase classname="com.centralvista.test.AAMinistrymemberTest" name="iaminis_mem_login" time="5.162"/>
  <testcase classname="com.centralvista.test.AAMinistrymemberTest" name="minisMem_checkstatusIa" time="17.376"/>
  <testcase classname="com.centralvista.test.AAMinistrymemberTest" name="iaminis_mem_logout" time="9.130"/>
</testsuite> <!-- com.centralvista.test.AAMinistrymemberTest -->
