<?xml version="1.0" encoding="UTF-8"?>
<!-- Generated by org.testng.reporters.JUnitReportReporter -->
<testsuite hostname="toshitkumar" failures="0" tests="1"
	name="com.centralvista.test.RD" time="0.318" errors="0"
	timestamp="2025-02-18T11:44:37 IST" skipped="0">
	<testcase classname="com.centralvista.test.RD" name="start"
		time="0.318" />
	<system-out />
</testsuite> <!-- com.centralvista.test.RD -->
