<?xml version="1.0" encoding="UTF-8"?>
<!-- Generated by org.testng.reporters.JUnitReportReporter -->
<testsuite hostname="DESKTOP-2G6C4P4" failures="0" tests="1"
	name="com.centralvista.test.LognTest" time="0.014" errors="0"
	timestamp="2023-11-02T14:53:28 IST" skipped="0">
	<testcase classname="com.centralvista.test.LognTest"
		name="login" time="0.014" />
</testsuite> <!-- com.centralvista.test.LognTest -->
