<?xml version="1.0" encoding="UTF-8"?>
<!-- Generated by org.testng.reporters.JUnitReportReporter -->
<testsuite hostname="surendrasinghgangwar" failures="1" tests="8" name="com.centralvista.test.VisitorAdmin.VisitorRegistrationTest" time="107.076" errors="0" timestamp="2025-10-30T12:10:34 IST" skipped="0">
  <testcase classname="com.centralvista.test.VisitorAdmin.VisitorRegistrationTest" name="valid_registrationonlyman" time="13.410"/>
  <testcase classname="com.centralvista.test.VisitorAdmin.VisitorRegistrationTest" name="valid_registration" time="17.548"/>
  <testcase classname="com.centralvista.test.VisitorAdmin.VisitorRegistrationTest" name="existing_i_registration" time="17.167"/>
  <testcase classname="com.centralvista.test.VisitorAdmin.VisitorRegistrationTest" name="existing_email_registration" time="17.370"/>
  <testcase classname="com.centralvista.test.VisitorAdmin.VisitorRegistrationTest" name="existing_mobile_registration" time="19.613"/>
  <testcase classname="com.centralvista.test.VisitorAdmin.VisitorRegistrationTest" name="visitor_list" time="12.263"/>
  <testcase classname="com.centralvista.test.VisitorAdmin.VisitorRegistrationTest" name="visitor_verifyinfo" time="0.569">
    <failure message="Blood Group mismatch! Expected: AB-, Found: AB_NEGATIVE" type="java.lang.AssertionError">
      <![CDATA[java.lang.AssertionError: Blood Group mismatch! Expected: AB-, Found: AB_NEGATIVE
at com.centralvista.test.VisitorAdmin.VisitorRegistrationTest.validateField(VisitorRegistrationTest.java:345)
at com.centralvista.test.VisitorAdmin.VisitorRegistrationTest.visitor_verifyinfo(VisitorRegistrationTest.java:328)
at java.base/jdk.internal.reflect.DirectMethodHandleAccessor.invoke(DirectMethodHandleAccessor.java:103)
at java.base/java.lang.reflect.Method.invoke(Method.java:580)
at org.testng.internal.invokers.MethodInvocationHelper.invokeMethod(MethodInvocationHelper.java:141)
at org.testng.internal.invokers.TestInvoker.invokeMethod(TestInvoker.java:687)
at org.testng.internal.invokers.TestInvoker.invokeTestMethod(TestInvoker.java:230)
at org.testng.internal.invokers.MethodRunner.runInSequence(MethodRunner.java:63)
at org.testng.internal.invokers.TestInvoker$MethodInvocationAgent.invoke(TestInvoker.java:995)
at org.testng.internal.invokers.TestInvoker.invokeTestMethods(TestInvoker.java:203)
at org.testng.internal.invokers.TestMethodWorker.invokeTestMethods(TestMethodWorker.java:154)
at org.testng.internal.invokers.TestMethodWorker.run(TestMethodWorker.java:134)
at java.base/java.util.concurrent.Executors$RunnableAdapter.call(Executors.java:572)
at java.base/java.util.concurrent.FutureTask.run(FutureTask.java:317)
at org.testng.internal.thread.graph.TestNGFutureTask.run(TestNGFutureTask.java:22)
at java.base/java.util.concurrent.ThreadPoolExecutor.runWorker(ThreadPoolExecutor.java:1144)
at java.base/java.util.concurrent.ThreadPoolExecutor$Worker.run(ThreadPoolExecutor.java:642)
at java.base/java.lang.Thread.run(Thread.java:1583)
]]>
    </failure>
  </testcase> <!-- visitor_verifyinfo -->
  <testcase classname="com.centralvista.test.VisitorAdmin.VisitorRegistrationTest" name="minis_mem_logout" time="9.136"/>
</testsuite> <!-- com.centralvista.test.VisitorAdmin.VisitorRegistrationTest -->
