<?xml version="1.0" encoding="UTF-8"?>
<!-- Generated by org.testng.reporters.JUnitReportReporter -->
<testsuite hostname="toshitkumar" failures="0" tests="1"
	name="com.centralvista.pages.NewTest" time="0.011" errors="0"
	timestamp="2025-02-18T11:44:38 IST" skipped="0">
	<testcase classname="com.centralvista.pages.NewTest" name="f"
		time="0.011" />
	<system-out />
</testsuite> <!-- com.centralvista.pages.NewTest -->
